E:\IT\C++\2048\2048\DEBUG\SOURCE.OBJ
E:\IT\C++\2048\2048\DEBUG\VC110.PDB
E:\IT\C++\2048\DEBUG\2048.ILK
E:\IT\C++\2048\DEBUG\2048.EXE
E:\IT\C++\2048\DEBUG\2048.PDB
E:\IT\C++\2048\2048\Debug\Source.obj
E:\IT\C++\2048\2048\Debug\CL.read.1.tlog
E:\IT\C++\2048\2048\Debug\cl.command.1.tlog
E:\IT\C++\2048\2048\Debug\link-rc.read.1.tlog
E:\IT\C++\2048\2048\Debug\link-rc.write.1.tlog
E:\IT\C++\2048\2048\Debug\link-cvtres.read.1.tlog
E:\IT\C++\2048\2048\Debug\link-cvtres.write.1.tlog
E:\IT\C++\2048\2048\Debug\link.command.1.tlog
E:\IT\C++\2048\2048\Debug\link.7456-rc.read.1.tlog
E:\IT\C++\2048\2048\Debug\link.7456-rc.write.1.tlog
E:\IT\C++\2048\2048\Debug\link.7456-cvtres.read.1.tlog
E:\IT\C++\2048\2048\Debug\link.7456-cvtres.write.1.tlog
E:\IT\C++\2048\2048\Debug\link.7456.read.1.tlog
E:\IT\C++\2048\2048\Debug\link.7456.write.1.tlog
E:\IT\C++\2048\2048\Debug\link.7348-rc.read.1.tlog
E:\IT\C++\2048\2048\Debug\link.7348-rc.write.1.tlog
E:\IT\C++\2048\2048\Debug\link.7348-cvtres.read.1.tlog
E:\IT\C++\2048\2048\Debug\link.7348-cvtres.write.1.tlog
E:\IT\C++\2048\2048\Debug\link.7348.read.1.tlog
E:\IT\C++\2048\2048\Debug\link.7348.write.1.tlog
E:\IT\C++\2048\2048\Debug\link.4220-rc.read.1.tlog
E:\IT\C++\2048\2048\Debug\link.4220-rc.write.1.tlog
E:\IT\C++\2048\2048\Debug\link.4220-cvtres.read.1.tlog
E:\IT\C++\2048\2048\Debug\link.4220-cvtres.write.1.tlog
E:\IT\C++\2048\2048\Debug\link.4220.read.1.tlog
E:\IT\C++\2048\2048\Debug\link.4220.write.1.tlog
E:\IT\C++\2048\2048\Debug\link.2024-rc.read.1.tlog
E:\IT\C++\2048\2048\Debug\link.2024-rc.write.1.tlog
E:\IT\C++\2048\2048\Debug\link.2024-cvtres.read.1.tlog
E:\IT\C++\2048\2048\Debug\link.2024-cvtres.write.1.tlog
E:\IT\C++\2048\2048\Debug\link.2024.read.1.tlog
E:\IT\C++\2048\2048\Debug\link.2024.write.1.tlog
E:\IT\C++\2048\2048\Debug\link.read.1.tlog
E:\IT\C++\2048\2048\Debug\CL.write.1.tlog
E:\IT\C++\2048\2048\Debug\link.write.1.tlog
E:\IT\C++\2048\2048\Debug\vc110.idb
E:\IT\C++\2048\2048\Debug\vc110.pdb
E:\IT\C++\2048\Debug\2048.pdb
E:\IT\C++\2048\Debug\2048.exe
E:\IT\C++\2048\Debug\2048.ilk
